Using pre-set license
Built from '2020.3/staging' branch; Version is '2020.3.10f1 (297d780c91bc) revision 2719096'; Using compiler version '192528614'; Build Type 'Release'
OS: 'Windows 10 Pro; OS build 19043.1466; Version 2009; 64bit' Language: 'tr' Physical Memory: 12223 MB
BatchMode: 1, IsHumanControllingUs: 0, StartBugReporterOnCrash: 0, Is64bit: 1, IsPro: 0

 COMMAND LINE ARGUMENTS:
D:\Unity\2020.3.10f1\Editor\Unity.exe
-adb2
-batchMode
-noUpm
-name
AssetImportWorker0
-projectPath
F:/Github/hypercasual_demoProject/demoRunnerHyperCasualGame1
-logFile
Logs/AssetImportWorker0.log
-srvPort
63939
Successfully changed project path to: F:/Github/hypercasual_demoProject/demoRunnerHyperCasualGame1
F:/Github/hypercasual_demoProject/demoRunnerHyperCasualGame1
Using Asset Import Pipeline V2.
Refreshing native plugins compatible for Editor in 73.41 ms, found 2 plugins.
Preloading 0 native plugins for Editor in 0.00 ms.
Initialize engine version: 2020.3.10f1 (297d780c91bc)
[Subsystems] Discovering subsystems at path D:/Unity/2020.3.10f1/Editor/Data/Resources/UnitySubsystems
[Subsystems] Discovering subsystems at path F:/Github/hypercasual_demoProject/demoRunnerHyperCasualGame1/Assets
GfxDevice: creating device client; threaded=0
Direct3D:
    Version:  Direct3D 11.0 [level 11.1]
    Renderer: Radeon RX 5500 XT (ID=0x7340)
    Vendor:   
    VRAM:     4055 MB
    Driver:   30.0.13033.5003
Shader 'Universal Render Pipeline/Particles/Lit': fallback shader 'Universal Render Pipeline/Particles/SimpleLit' not found
Initialize mono
Mono path[0] = 'D:/Unity/2020.3.10f1/Editor/Data/Managed'
Mono path[1] = 'D:/Unity/2020.3.10f1/Editor/Data/MonoBleedingEdge/lib/mono/unityjit'
Mono config path = 'D:/Unity/2020.3.10f1/Editor/Data/MonoBleedingEdge/etc'
Using monoOptions --debugger-agent=transport=dt_socket,embedding=1,server=y,suspend=n,address=127.0.0.1:56592
Begin MonoManager ReloadAssembly
Registering precompiled unity dll's ...
Register platform support module: D:/Unity/2020.3.10f1/Editor/Data/PlaybackEngines/WindowsStandaloneSupport/UnityEditor.WindowsStandalone.Extensions.dll
Registered in 0.014673 seconds.
Native extension for WindowsStandalone target not found
Refreshing native plugins compatible for Editor in 71.64 ms, found 2 plugins.
Preloading 0 native plugins for Editor in 0.00 ms.
Mono: successfully reloaded assembly
- Completed reload, in  5.686 seconds
Platform modules already initialized, skipping
Registering precompiled user dll's ...
Registered in 0.008394 seconds.
Begin MonoManager ReloadAssembly
Native extension for WindowsStandalone target not found
Refreshing native plugins compatible for Editor in 104.73 ms, found 2 plugins.
Preloading 0 native plugins for Editor in 0.00 ms.
Mono: successfully reloaded assembly
- Completed reload, in  4.581 seconds
Platform modules already initialized, skipping
========================================================================
Worker process is ready to serve import requests
Shader 'Universal Render Pipeline/Particles/Lit': fallback shader 'Universal Render Pipeline/Particles/SimpleLit' not found
Launched and connected shader compiler UnityShaderCompiler.exe after 0.16 seconds
Refreshing native plugins compatible for Editor in 0.70 ms, found 2 plugins.
Preloading 0 native plugins for Editor in 0.00 ms.
Unloading 2775 Unused Serialized files (Serialized files now loaded: 0)
System memory in use before: 126.8 MB.
System memory in use after: 124.2 MB.

Unloading 53 unused Assets to reduce memory usage. Loaded Objects now: 3179.
Total: 7.274800 ms (FindLiveObjects: 0.514800 ms CreateObjectMapping: 0.330100 ms MarkObjects: 3.714200 ms  DeleteObjects: 2.713400 ms)

========================================================================
Received Import Request.
  path: Assets/Script/Collactable/Collector.cs
  artifactKey: Guid(cc1b8e5c6544ca8488fceadaade2ea64) Importer(815301076,1909f56bfc062723c751e8b465ee728b)
Start importing Assets/Script/Collactable/Collector.cs using Guid(cc1b8e5c6544ca8488fceadaade2ea64) Importer(815301076,1909f56bfc062723c751e8b465ee728b)  -> (artifact id: '966d44a4635ec7f7e9460a39a990f19e') in 0.110266 seconds
  Import took 0.124899 seconds .

========================================================================
Received Import Request.
  Time since last request: 33.629815 seconds.
  path: Assets/Script/Player/PlayerManager.cs
  artifactKey: Guid(c160c531ec6f13b4aa848ef0747ae63d) Importer(815301076,1909f56bfc062723c751e8b465ee728b)
Start importing Assets/Script/Player/PlayerManager.cs using Guid(c160c531ec6f13b4aa848ef0747ae63d) Importer(815301076,1909f56bfc062723c751e8b465ee728b)  -> (artifact id: '810ed0f98adf244417c41e68d4b71c36') in 0.007819 seconds
  Import took 0.014051 seconds .

========================================================================
Received Import Request.
  Time since last request: 9.789971 seconds.
  path: Assets/Script/MenuManager.cs
  artifactKey: Guid(e970eca09d5d86f4b8da38fd1cc098b3) Importer(815301076,1909f56bfc062723c751e8b465ee728b)
Start importing Assets/Script/MenuManager.cs using Guid(e970eca09d5d86f4b8da38fd1cc098b3) Importer(815301076,1909f56bfc062723c751e8b465ee728b)  -> (artifact id: '3c61c929a9b143fef9b4ba261e1d0c2e') in 0.016729 seconds
  Import took 0.048117 seconds .

========================================================================
Received Import Request.
  Time since last request: 6.428448 seconds.
  path: Assets/Script/MenuManager.cs
  artifactKey: Guid(e970eca09d5d86f4b8da38fd1cc098b3) Importer(815301076,1909f56bfc062723c751e8b465ee728b)
Start importing Assets/Script/MenuManager.cs using Guid(e970eca09d5d86f4b8da38fd1cc098b3) Importer(815301076,1909f56bfc062723c751e8b465ee728b)  -> (artifact id: '0050d823da8a45b3da7e6a3948d767bd') in 0.002642 seconds
  Import took 0.024058 seconds .

========================================================================
Received Prepare
Registering precompiled user dll's ...
Registered in 0.007010 seconds.
Begin MonoManager ReloadAssembly
Native extension for WindowsStandalone target not found
Refreshing native plugins compatible for Editor in 0.86 ms, found 2 plugins.
Preloading 0 native plugins for Editor in 0.00 ms.
Mono: successfully reloaded assembly
- Completed reload, in  1.742 seconds
Platform modules already initialized, skipping
Shader 'Universal Render Pipeline/Particles/Lit': fallback shader 'Universal Render Pipeline/Particles/SimpleLit' not found
Refreshing native plugins compatible for Editor in 0.65 ms, found 2 plugins.
Preloading 0 native plugins for Editor in 0.00 ms.
Unloading 2687 Unused Serialized files (Serialized files now loaded: 0)
System memory in use before: 121.8 MB.
System memory in use after: 119.2 MB.

Unloading 48 unused Assets to reduce memory usage. Loaded Objects now: 3182.
Total: 5.153900 ms (FindLiveObjects: 0.432300 ms CreateObjectMapping: 0.262700 ms MarkObjects: 2.737700 ms  DeleteObjects: 1.720100 ms)

========================================================================
Received Prepare
Registering precompiled user dll's ...
Registered in 0.006072 seconds.
Begin MonoManager ReloadAssembly
Native extension for WindowsStandalone target not found
Refreshing native plugins compatible for Editor in 0.82 ms, found 2 plugins.
Preloading 0 native plugins for Editor in 0.00 ms.
Mono: successfully reloaded assembly
- Completed reload, in  1.771 seconds
Platform modules already initialized, skipping
Shader 'Universal Render Pipeline/Particles/Lit': fallback shader 'Universal Render Pipeline/Particles/SimpleLit' not found
Refreshing native plugins compatible for Editor in 0.58 ms, found 2 plugins.
Preloading 0 native plugins for Editor in 0.00 ms.
Unloading 2687 Unused Serialized files (Serialized files now loaded: 0)
System memory in use before: 121.8 MB.
System memory in use after: 119.2 MB.

Unloading 48 unused Assets to reduce memory usage. Loaded Objects now: 3185.
Total: 5.119700 ms (FindLiveObjects: 0.442500 ms CreateObjectMapping: 0.264000 ms MarkObjects: 2.519200 ms  DeleteObjects: 1.892800 ms)

========================================================================
Received Prepare
Registering precompiled user dll's ...
Registered in 0.006267 seconds.
Begin MonoManager ReloadAssembly
Native extension for WindowsStandalone target not found
Refreshing native plugins compatible for Editor in 0.61 ms, found 2 plugins.
Preloading 0 native plugins for Editor in 0.00 ms.
Mono: successfully reloaded assembly
- Completed reload, in  1.937 seconds
Platform modules already initialized, skipping
Shader 'Universal Render Pipeline/Particles/Lit': fallback shader 'Universal Render Pipeline/Particles/SimpleLit' not found
Refreshing native plugins compatible for Editor in 0.79 ms, found 2 plugins.
Preloading 0 native plugins for Editor in 0.00 ms.
Unloading 2687 Unused Serialized files (Serialized files now loaded: 0)
System memory in use before: 121.8 MB.
System memory in use after: 119.3 MB.

Unloading 48 unused Assets to reduce memory usage. Loaded Objects now: 3188.
Total: 5.078200 ms (FindLiveObjects: 0.410000 ms CreateObjectMapping: 0.246100 ms MarkObjects: 2.638100 ms  DeleteObjects: 1.782700 ms)

========================================================================
Received Prepare
Registering precompiled user dll's ...
Registered in 0.006350 seconds.
Begin MonoManager ReloadAssembly
Native extension for WindowsStandalone target not found
Refreshing native plugins compatible for Editor in 1.23 ms, found 2 plugins.
Preloading 0 native plugins for Editor in 0.00 ms.
Mono: successfully reloaded assembly
- Completed reload, in  1.880 seconds
Platform modules already initialized, skipping
Shader 'Universal Render Pipeline/Particles/Lit': fallback shader 'Universal Render Pipeline/Particles/SimpleLit' not found
Refreshing native plugins compatible for Editor in 0.67 ms, found 2 plugins.
Preloading 0 native plugins for Editor in 0.00 ms.
Unloading 2687 Unused Serialized files (Serialized files now loaded: 0)
System memory in use before: 121.9 MB.
System memory in use after: 119.3 MB.

Unloading 48 unused Assets to reduce memory usage. Loaded Objects now: 3191.
Total: 5.164100 ms (FindLiveObjects: 0.351400 ms CreateObjectMapping: 0.296000 ms MarkObjects: 2.674000 ms  DeleteObjects: 1.841500 ms)

========================================================================
Received Prepare
Registering precompiled user dll's ...
Registered in 0.011861 seconds.
Begin MonoManager ReloadAssembly
Native extension for WindowsStandalone target not found
Refreshing native plugins compatible for Editor in 0.58 ms, found 2 plugins.
Preloading 0 native plugins for Editor in 0.00 ms.
Mono: successfully reloaded assembly
- Completed reload, in  1.686 seconds
Platform modules already initialized, skipping
Shader 'Universal Render Pipeline/Particles/Lit': fallback shader 'Universal Render Pipeline/Particles/SimpleLit' not found
Refreshing native plugins compatible for Editor in 0.59 ms, found 2 plugins.
Preloading 0 native plugins for Editor in 0.00 ms.
Unloading 2687 Unused Serialized files (Serialized files now loaded: 0)
System memory in use before: 121.9 MB.
System memory in use after: 119.3 MB.

Unloading 48 unused Assets to reduce memory usage. Loaded Objects now: 3194.
Total: 5.324700 ms (FindLiveObjects: 0.360700 ms CreateObjectMapping: 0.121000 ms MarkObjects: 3.002100 ms  DeleteObjects: 1.839800 ms)

========================================================================
Received Prepare
Registering precompiled user dll's ...
Registered in 0.007550 seconds.
Begin MonoManager ReloadAssembly
Native extension for WindowsStandalone target not found
Refreshing native plugins compatible for Editor in 1.00 ms, found 2 plugins.
Preloading 0 native plugins for Editor in 0.00 ms.
Mono: successfully reloaded assembly
- Completed reload, in  2.012 seconds
Platform modules already initialized, skipping
Shader 'Universal Render Pipeline/Particles/Lit': fallback shader 'Universal Render Pipeline/Particles/SimpleLit' not found
Refreshing native plugins compatible for Editor in 0.70 ms, found 2 plugins.
Preloading 0 native plugins for Editor in 0.00 ms.
Unloading 2687 Unused Serialized files (Serialized files now loaded: 0)
System memory in use before: 121.8 MB.
System memory in use after: 119.3 MB.

Unloading 48 unused Assets to reduce memory usage. Loaded Objects now: 3197.
Total: 4.559900 ms (FindLiveObjects: 0.270400 ms CreateObjectMapping: 0.132300 ms MarkObjects: 2.271100 ms  DeleteObjects: 1.884900 ms)

========================================================================
Received Prepare
Registering precompiled user dll's ...
Registered in 0.006170 seconds.
Begin MonoManager ReloadAssembly
Native extension for WindowsStandalone target not found
Refreshing native plugins compatible for Editor in 0.93 ms, found 2 plugins.
Preloading 0 native plugins for Editor in 0.00 ms.
Mono: successfully reloaded assembly
- Completed reload, in  1.894 seconds
Platform modules already initialized, skipping
Shader 'Universal Render Pipeline/Particles/Lit': fallback shader 'Universal Render Pipeline/Particles/SimpleLit' not found
Refreshing native plugins compatible for Editor in 4.40 ms, found 2 plugins.
Preloading 0 native plugins for Editor in 0.00 ms.
Unloading 2687 Unused Serialized files (Serialized files now loaded: 0)
System memory in use before: 121.9 MB.
System memory in use after: 119.3 MB.

Unloading 48 unused Assets to reduce memory usage. Loaded Objects now: 3200.
Total: 5.107100 ms (FindLiveObjects: 0.298800 ms CreateObjectMapping: 0.129500 ms MarkObjects: 2.694800 ms  DeleteObjects: 1.982700 ms)

========================================================================
Received Prepare
Registering precompiled user dll's ...
Registered in 0.006123 seconds.
Begin MonoManager ReloadAssembly
Native extension for WindowsStandalone target not found
Refreshing native plugins compatible for Editor in 0.67 ms, found 2 plugins.
Preloading 0 native plugins for Editor in 0.00 ms.
Mono: successfully reloaded assembly
- Completed reload, in  1.797 seconds
Platform modules already initialized, skipping
Shader 'Universal Render Pipeline/Particles/Lit': fallback shader 'Universal Render Pipeline/Particles/SimpleLit' not found
Refreshing native plugins compatible for Editor in 0.74 ms, found 2 plugins.
Preloading 0 native plugins for Editor in 0.00 ms.
Unloading 2687 Unused Serialized files (Serialized files now loaded: 0)
System memory in use before: 121.8 MB.
System memory in use after: 119.3 MB.

Unloading 48 unused Assets to reduce memory usage. Loaded Objects now: 3203.
Total: 5.587800 ms (FindLiveObjects: 0.395400 ms CreateObjectMapping: 0.308500 ms MarkObjects: 3.053400 ms  DeleteObjects: 1.829000 ms)

========================================================================
Received Prepare
Registering precompiled user dll's ...
Registered in 0.009691 seconds.
Begin MonoManager ReloadAssembly
Native extension for WindowsStandalone target not found
Refreshing native plugins compatible for Editor in 1.21 ms, found 2 plugins.
Preloading 0 native plugins for Editor in 0.00 ms.
Mono: successfully reloaded assembly
- Completed reload, in  2.055 seconds
Platform modules already initialized, skipping
Shader 'Universal Render Pipeline/Particles/Lit': fallback shader 'Universal Render Pipeline/Particles/SimpleLit' not found
Refreshing native plugins compatible for Editor in 0.64 ms, found 2 plugins.
Preloading 0 native plugins for Editor in 0.00 ms.
Unloading 2687 Unused Serialized files (Serialized files now loaded: 0)
System memory in use before: 121.9 MB.
System memory in use after: 119.3 MB.

Unloading 48 unused Assets to reduce memory usage. Loaded Objects now: 3206.
Total: 5.819300 ms (FindLiveObjects: 0.348300 ms CreateObjectMapping: 0.175900 ms MarkObjects: 2.377400 ms  DeleteObjects: 2.916500 ms)

========================================================================
Received Prepare
Registering precompiled user dll's ...
Registered in 0.006424 seconds.
Begin MonoManager ReloadAssembly
Native extension for WindowsStandalone target not found
Refreshing native plugins compatible for Editor in 0.63 ms, found 2 plugins.
Preloading 0 native plugins for Editor in 0.00 ms.
Mono: successfully reloaded assembly
- Completed reload, in  1.809 seconds
Platform modules already initialized, skipping
Shader 'Universal Render Pipeline/Particles/Lit': fallback shader 'Universal Render Pipeline/Particles/SimpleLit' not found
Refreshing native plugins compatible for Editor in 0.69 ms, found 2 plugins.
Preloading 0 native plugins for Editor in 0.00 ms.
Unloading 2687 Unused Serialized files (Serialized files now loaded: 0)
System memory in use before: 121.9 MB.
System memory in use after: 119.3 MB.

Unloading 48 unused Assets to reduce memory usage. Loaded Objects now: 3209.
Total: 5.201600 ms (FindLiveObjects: 0.322500 ms CreateObjectMapping: 0.237700 ms MarkObjects: 2.558700 ms  DeleteObjects: 2.080900 ms)

========================================================================
Received Prepare
Registering precompiled user dll's ...
Registered in 0.006670 seconds.
Begin MonoManager ReloadAssembly
Native extension for WindowsStandalone target not found
Refreshing native plugins compatible for Editor in 0.97 ms, found 2 plugins.
Preloading 0 native plugins for Editor in 0.00 ms.
Mono: successfully reloaded assembly
- Completed reload, in  1.748 seconds
Platform modules already initialized, skipping
Shader 'Universal Render Pipeline/Particles/Lit': fallback shader 'Universal Render Pipeline/Particles/SimpleLit' not found
Refreshing native plugins compatible for Editor in 0.66 ms, found 2 plugins.
Preloading 0 native plugins for Editor in 0.00 ms.
Unloading 2687 Unused Serialized files (Serialized files now loaded: 0)
System memory in use before: 121.9 MB.
System memory in use after: 119.3 MB.

Unloading 48 unused Assets to reduce memory usage. Loaded Objects now: 3212.
Total: 5.332900 ms (FindLiveObjects: 0.466200 ms CreateObjectMapping: 0.250700 ms MarkObjects: 2.624800 ms  DeleteObjects: 1.990000 ms)

========================================================================
Received Prepare
Registering precompiled user dll's ...
Registered in 0.006769 seconds.
Begin MonoManager ReloadAssembly
Native extension for WindowsStandalone target not found
Refreshing native plugins compatible for Editor in 0.64 ms, found 2 plugins.
Preloading 0 native plugins for Editor in 0.00 ms.
Mono: successfully reloaded assembly
- Completed reload, in  1.823 seconds
Platform modules already initialized, skipping
Shader 'Universal Render Pipeline/Particles/Lit': fallback shader 'Universal Render Pipeline/Particles/SimpleLit' not found
Refreshing native plugins compatible for Editor in 0.69 ms, found 2 plugins.
Preloading 0 native plugins for Editor in 0.00 ms.
Unloading 2687 Unused Serialized files (Serialized files now loaded: 0)
System memory in use before: 121.9 MB.
System memory in use after: 119.3 MB.

Unloading 48 unused Assets to reduce memory usage. Loaded Objects now: 3215.
Total: 16.193600 ms (FindLiveObjects: 0.453400 ms CreateObjectMapping: 0.430900 ms MarkObjects: 13.064900 ms  DeleteObjects: 2.241500 ms)

========================================================================
Received Import Request.
  Time since last request: 1610.616447 seconds.
  path: Assets/Script/Player/PlayerManager.cs
  artifactKey: Guid(c160c531ec6f13b4aa848ef0747ae63d) Importer(815301076,1909f56bfc062723c751e8b465ee728b)
Start importing Assets/Script/Player/PlayerManager.cs using Guid(c160c531ec6f13b4aa848ef0747ae63d) Importer(815301076,1909f56bfc062723c751e8b465ee728b)  -> (artifact id: 'de681a1af8eb775897c2437d2a531433') in 0.012593 seconds
  Import took 0.044043 seconds .

========================================================================
Received Prepare
Registering precompiled user dll's ...
Registered in 0.008900 seconds.
Begin MonoManager ReloadAssembly
Native extension for WindowsStandalone target not found
Refreshing native plugins compatible for Editor in 0.70 ms, found 2 plugins.
Preloading 0 native plugins for Editor in 0.00 ms.
Mono: successfully reloaded assembly
- Completed reload, in  1.800 seconds
Platform modules already initialized, skipping
Shader 'Universal Render Pipeline/Particles/Lit': fallback shader 'Universal Render Pipeline/Particles/SimpleLit' not found
Refreshing native plugins compatible for Editor in 0.64 ms, found 2 plugins.
Preloading 0 native plugins for Editor in 0.00 ms.
Unloading 2687 Unused Serialized files (Serialized files now loaded: 0)
System memory in use before: 121.9 MB.
System memory in use after: 119.3 MB.

Unloading 48 unused Assets to reduce memory usage. Loaded Objects now: 3218.
Total: 5.546000 ms (FindLiveObjects: 0.385500 ms CreateObjectMapping: 0.295100 ms MarkObjects: 3.008700 ms  DeleteObjects: 1.855400 ms)

========================================================================
Received Import Request.
  Time since last request: 45.164375 seconds.
  path: Assets/Script/Player/PlayerManager.cs
  artifactKey: Guid(c160c531ec6f13b4aa848ef0747ae63d) Importer(815301076,1909f56bfc062723c751e8b465ee728b)
Start importing Assets/Script/Player/PlayerManager.cs using Guid(c160c531ec6f13b4aa848ef0747ae63d) Importer(815301076,1909f56bfc062723c751e8b465ee728b)  -> (artifact id: 'dbcd974ad73f249c5f29d184f38ae202') in 0.007967 seconds
  Import took 0.049282 seconds .

========================================================================
Received Prepare
Registering precompiled user dll's ...
Registered in 0.007934 seconds.
Begin MonoManager ReloadAssembly
Native extension for WindowsStandalone target not found
Refreshing native plugins compatible for Editor in 0.83 ms, found 2 plugins.
Preloading 0 native plugins for Editor in 0.00 ms.
Mono: successfully reloaded assembly
- Completed reload, in  1.788 seconds
Platform modules already initialized, skipping
Shader 'Universal Render Pipeline/Particles/Lit': fallback shader 'Universal Render Pipeline/Particles/SimpleLit' not found
Refreshing native plugins compatible for Editor in 0.71 ms, found 2 plugins.
Preloading 0 native plugins for Editor in 0.00 ms.
Unloading 2687 Unused Serialized files (Serialized files now loaded: 0)
System memory in use before: 121.9 MB.
System memory in use after: 119.3 MB.

Unloading 48 unused Assets to reduce memory usage. Loaded Objects now: 3221.
Total: 32.845400 ms (FindLiveObjects: 0.469700 ms CreateObjectMapping: 3.923500 ms MarkObjects: 25.326500 ms  DeleteObjects: 3.123400 ms)

========================================================================
Received Prepare
Registering precompiled user dll's ...
Registered in 0.008229 seconds.
Begin MonoManager ReloadAssembly
Native extension for WindowsStandalone target not found
Refreshing native plugins compatible for Editor in 0.79 ms, found 2 plugins.
Preloading 0 native plugins for Editor in 0.00 ms.
Mono: successfully reloaded assembly
- Completed reload, in  1.909 seconds
Platform modules already initialized, skipping
Shader 'Universal Render Pipeline/Particles/Lit': fallback shader 'Universal Render Pipeline/Particles/SimpleLit' not found
Refreshing native plugins compatible for Editor in 0.67 ms, found 2 plugins.
Preloading 0 native plugins for Editor in 0.00 ms.
Unloading 2687 Unused Serialized files (Serialized files now loaded: 0)
System memory in use before: 122.0 MB.
System memory in use after: 119.3 MB.

Unloading 48 unused Assets to reduce memory usage. Loaded Objects now: 3224.
Total: 4.986400 ms (FindLiveObjects: 0.410500 ms CreateObjectMapping: 0.241000 ms MarkObjects: 2.604100 ms  DeleteObjects: 1.729400 ms)

========================================================================
Received Prepare
Registering precompiled user dll's ...
Registered in 0.006268 seconds.
Begin MonoManager ReloadAssembly
Native extension for WindowsStandalone target not found
Refreshing native plugins compatible for Editor in 0.98 ms, found 2 plugins.
Preloading 0 native plugins for Editor in 0.00 ms.
Mono: successfully reloaded assembly
- Completed reload, in  1.820 seconds
Platform modules already initialized, skipping
Shader 'Universal Render Pipeline/Particles/Lit': fallback shader 'Universal Render Pipeline/Particles/SimpleLit' not found
Refreshing native plugins compatible for Editor in 0.65 ms, found 2 plugins.
Preloading 0 native plugins for Editor in 0.00 ms.
Unloading 2687 Unused Serialized files (Serialized files now loaded: 0)
System memory in use before: 121.9 MB.
System memory in use after: 119.4 MB.

Unloading 48 unused Assets to reduce memory usage. Loaded Objects now: 3227.
Total: 6.122700 ms (FindLiveObjects: 0.733000 ms CreateObjectMapping: 0.479700 ms MarkObjects: 2.845500 ms  DeleteObjects: 2.063400 ms)

========================================================================
Received Prepare
Registering precompiled user dll's ...
Registered in 0.006460 seconds.
Begin MonoManager ReloadAssembly
Native extension for WindowsStandalone target not found
Refreshing native plugins compatible for Editor in 0.77 ms, found 2 plugins.
Preloading 0 native plugins for Editor in 0.00 ms.
Mono: successfully reloaded assembly
- Completed reload, in  1.603 seconds
Platform modules already initialized, skipping
Shader 'Universal Render Pipeline/Particles/Lit': fallback shader 'Universal Render Pipeline/Particles/SimpleLit' not found
Refreshing native plugins compatible for Editor in 0.63 ms, found 2 plugins.
Preloading 0 native plugins for Editor in 0.00 ms.
Unloading 2687 Unused Serialized files (Serialized files now loaded: 0)
System memory in use before: 122.0 MB.
System memory in use after: 119.4 MB.

Unloading 48 unused Assets to reduce memory usage. Loaded Objects now: 3230.
Total: 5.761200 ms (FindLiveObjects: 0.438900 ms CreateObjectMapping: 0.266100 ms MarkObjects: 3.248500 ms  DeleteObjects: 1.806500 ms)

========================================================================
Received Prepare
Registering precompiled user dll's ...
Registered in 0.006330 seconds.
Begin MonoManager ReloadAssembly
Native extension for WindowsStandalone target not found
Refreshing native plugins compatible for Editor in 0.71 ms, found 2 plugins.
Preloading 0 native plugins for Editor in 0.00 ms.
Mono: successfully reloaded assembly
- Completed reload, in  1.832 seconds
Platform modules already initialized, skipping
Shader 'Universal Render Pipeline/Particles/Lit': fallback shader 'Universal Render Pipeline/Particles/SimpleLit' not found
Refreshing native plugins compatible for Editor in 0.67 ms, found 2 plugins.
Preloading 0 native plugins for Editor in 0.00 ms.
Unloading 2687 Unused Serialized files (Serialized files now loaded: 0)
System memory in use before: 121.9 MB.
System memory in use after: 119.4 MB.

Unloading 48 unused Assets to reduce memory usage. Loaded Objects now: 3233.
Total: 5.220100 ms (FindLiveObjects: 0.482700 ms CreateObjectMapping: 0.266700 ms MarkObjects: 2.593100 ms  DeleteObjects: 1.876700 ms)

========================================================================
Received Prepare
Registering precompiled user dll's ...
Registered in 0.016133 seconds.
Begin MonoManager ReloadAssembly
Native extension for WindowsStandalone target not found
Refreshing native plugins compatible for Editor in 0.97 ms, found 2 plugins.
Preloading 0 native plugins for Editor in 0.00 ms.
Mono: successfully reloaded assembly
- Completed reload, in  1.756 seconds
Platform modules already initialized, skipping
Shader 'Universal Render Pipeline/Particles/Lit': fallback shader 'Universal Render Pipeline/Particles/SimpleLit' not found
Refreshing native plugins compatible for Editor in 0.62 ms, found 2 plugins.
Preloading 0 native plugins for Editor in 0.00 ms.
Unloading 2687 Unused Serialized files (Serialized files now loaded: 0)
System memory in use before: 121.9 MB.
System memory in use after: 119.4 MB.

Unloading 48 unused Assets to reduce memory usage. Loaded Objects now: 3236.
Total: 5.437200 ms (FindLiveObjects: 0.335800 ms CreateObjectMapping: 0.244600 ms MarkObjects: 2.778000 ms  DeleteObjects: 2.077400 ms)

========================================================================
Received Prepare
Registering precompiled user dll's ...
Registered in 0.006564 seconds.
Begin MonoManager ReloadAssembly
Native extension for WindowsStandalone target not found
Refreshing native plugins compatible for Editor in 0.65 ms, found 2 plugins.
Preloading 0 native plugins for Editor in 0.00 ms.
Mono: successfully reloaded assembly
- Completed reload, in  1.753 seconds
Platform modules already initialized, skipping
Shader 'Universal Render Pipeline/Particles/Lit': fallback shader 'Universal Render Pipeline/Particles/SimpleLit' not found
Refreshing native plugins compatible for Editor in 0.62 ms, found 2 plugins.
Preloading 0 native plugins for Editor in 0.00 ms.
Unloading 2687 Unused Serialized files (Serialized files now loaded: 0)
System memory in use before: 122.0 MB.
System memory in use after: 119.4 MB.

Unloading 48 unused Assets to reduce memory usage. Loaded Objects now: 3239.
Total: 6.602100 ms (FindLiveObjects: 0.449700 ms CreateObjectMapping: 0.289900 ms MarkObjects: 3.265700 ms  DeleteObjects: 2.595400 ms)

========================================================================
Received Prepare
Registering precompiled user dll's ...
Registered in 0.006320 seconds.
Begin MonoManager ReloadAssembly
Native extension for WindowsStandalone target not found
Refreshing native plugins compatible for Editor in 0.59 ms, found 2 plugins.
Preloading 0 native plugins for Editor in 0.00 ms.
Mono: successfully reloaded assembly
- Completed reload, in  1.606 seconds
Platform modules already initialized, skipping
Shader 'Universal Render Pipeline/Particles/Lit': fallback shader 'Universal Render Pipeline/Particles/SimpleLit' not found
Refreshing native plugins compatible for Editor in 0.75 ms, found 2 plugins.
Preloading 0 native plugins for Editor in 0.00 ms.
Unloading 2687 Unused Serialized files (Serialized files now loaded: 0)
System memory in use before: 122.0 MB.
System memory in use after: 119.4 MB.

Unloading 48 unused Assets to reduce memory usage. Loaded Objects now: 3242.
Total: 5.014600 ms (FindLiveObjects: 0.342700 ms CreateObjectMapping: 0.250800 ms MarkObjects: 2.498800 ms  DeleteObjects: 1.921100 ms)

========================================================================
Received Prepare
Registering precompiled user dll's ...
Registered in 0.006610 seconds.
Begin MonoManager ReloadAssembly
Native extension for WindowsStandalone target not found
Refreshing native plugins compatible for Editor in 0.79 ms, found 2 plugins.
Preloading 0 native plugins for Editor in 0.00 ms.
Mono: successfully reloaded assembly
- Completed reload, in  1.960 seconds
Platform modules already initialized, skipping
Shader 'Universal Render Pipeline/Particles/Lit': fallback shader 'Universal Render Pipeline/Particles/SimpleLit' not found
Refreshing native plugins compatible for Editor in 0.67 ms, found 2 plugins.
Preloading 0 native plugins for Editor in 0.00 ms.
Unloading 2687 Unused Serialized files (Serialized files now loaded: 0)
System memory in use before: 122.0 MB.
System memory in use after: 119.4 MB.

Unloading 48 unused Assets to reduce memory usage. Loaded Objects now: 3245.
Total: 5.073200 ms (FindLiveObjects: 0.337300 ms CreateObjectMapping: 0.263800 ms MarkObjects: 2.601500 ms  DeleteObjects: 1.869300 ms)

========================================================================
Received Prepare
Registering precompiled user dll's ...
Registered in 0.008573 seconds.
Begin MonoManager ReloadAssembly
Native extension for WindowsStandalone target not found
Refreshing native plugins compatible for Editor in 0.67 ms, found 2 plugins.
Preloading 0 native plugins for Editor in 0.00 ms.
Mono: successfully reloaded assembly
- Completed reload, in  2.030 seconds
Platform modules already initialized, skipping
Shader 'Universal Render Pipeline/Particles/Lit': fallback shader 'Universal Render Pipeline/Particles/SimpleLit' not found
Refreshing native plugins compatible for Editor in 1.11 ms, found 2 plugins.
Preloading 0 native plugins for Editor in 0.00 ms.
Unloading 2687 Unused Serialized files (Serialized files now loaded: 0)
System memory in use before: 122.0 MB.
System memory in use after: 119.4 MB.

Unloading 48 unused Assets to reduce memory usage. Loaded Objects now: 3248.
Total: 8.776200 ms (FindLiveObjects: 0.320000 ms CreateObjectMapping: 0.797700 ms MarkObjects: 4.260000 ms  DeleteObjects: 3.397000 ms)

========================================================================
Received Import Request.
  Time since last request: 1002.921073 seconds.
  path: Assets/Script/Collactable/GameManager.cs
  artifactKey: Guid(cc1b8e5c6544ca8488fceadaade2ea64) Importer(815301076,1909f56bfc062723c751e8b465ee728b)
Start importing Assets/Script/Collactable/GameManager.cs using Guid(cc1b8e5c6544ca8488fceadaade2ea64) Importer(815301076,1909f56bfc062723c751e8b465ee728b)  -> (artifact id: '5bb9bd2b3c861e44c2c6e6fe277603d5') in 0.056711 seconds
  Import took 0.124754 seconds .

========================================================================
Received Prepare
Registering precompiled user dll's ...
Registered in 0.015095 seconds.
Begin MonoManager ReloadAssembly
Native extension for WindowsStandalone target not found
Refreshing native plugins compatible for Editor in 0.65 ms, found 2 plugins.
Preloading 0 native plugins for Editor in 0.00 ms.
Mono: successfully reloaded assembly
- Completed reload, in  1.893 seconds
Platform modules already initialized, skipping
Shader 'Universal Render Pipeline/Particles/Lit': fallback shader 'Universal Render Pipeline/Particles/SimpleLit' not found
Refreshing native plugins compatible for Editor in 0.60 ms, found 2 plugins.
Preloading 0 native plugins for Editor in 0.00 ms.
Unloading 2687 Unused Serialized files (Serialized files now loaded: 0)
System memory in use before: 122.0 MB.
System memory in use after: 119.4 MB.

Unloading 48 unused Assets to reduce memory usage. Loaded Objects now: 3251.
Total: 5.621100 ms (FindLiveObjects: 0.572000 ms CreateObjectMapping: 0.257200 ms MarkObjects: 2.885200 ms  DeleteObjects: 1.905200 ms)

========================================================================
Received Import Request.
  Time since last request: 29.389302 seconds.
  path: Assets/Script/MenuManager.cs
  artifactKey: Guid(e970eca09d5d86f4b8da38fd1cc098b3) Importer(815301076,1909f56bfc062723c751e8b465ee728b)
Start importing Assets/Script/MenuManager.cs using Guid(e970eca09d5d86f4b8da38fd1cc098b3) Importer(815301076,1909f56bfc062723c751e8b465ee728b)  -> (artifact id: '121ce264f197b9263a75fce04bcca411') in 0.007661 seconds
  Import took 0.034584 seconds .

========================================================================
Received Import Request.
  Time since last request: 6.627974 seconds.
  path: Assets/Script/Managers
  artifactKey: Guid(8316eca92f7d8684a9299e677c8e148e) Importer(815301076,1909f56bfc062723c751e8b465ee728b)
Start importing Assets/Script/Managers using Guid(8316eca92f7d8684a9299e677c8e148e) Importer(815301076,1909f56bfc062723c751e8b465ee728b)  -> (artifact id: '70263c307a9dff11668002b123304a90') in 0.015525 seconds
  Import took 0.054180 seconds .

========================================================================
Received Prepare
Registering precompiled user dll's ...
Registered in 0.006339 seconds.
Begin MonoManager ReloadAssembly
Native extension for WindowsStandalone target not found
Refreshing native plugins compatible for Editor in 0.65 ms, found 2 plugins.
Preloading 0 native plugins for Editor in 0.00 ms.
Mono: successfully reloaded assembly
- Completed reload, in  2.030 seconds
Platform modules already initialized, skipping
Shader 'Universal Render Pipeline/Particles/Lit': fallback shader 'Universal Render Pipeline/Particles/SimpleLit' not found
Refreshing native plugins compatible for Editor in 1.07 ms, found 2 plugins.
Preloading 0 native plugins for Editor in 0.00 ms.
Unloading 2687 Unused Serialized files (Serialized files now loaded: 0)
System memory in use before: 122.0 MB.
System memory in use after: 119.4 MB.

Unloading 48 unused Assets to reduce memory usage. Loaded Objects now: 3254.
Total: 6.238800 ms (FindLiveObjects: 0.417100 ms CreateObjectMapping: 0.322700 ms MarkObjects: 2.850500 ms  DeleteObjects: 2.647300 ms)

========================================================================
Received Prepare
Registering precompiled user dll's ...
Registered in 0.018700 seconds.
Begin MonoManager ReloadAssembly
Native extension for WindowsStandalone target not found
Refreshing native plugins compatible for Editor in 0.67 ms, found 2 plugins.
Preloading 0 native plugins for Editor in 0.00 ms.
Mono: successfully reloaded assembly
- Completed reload, in  1.828 seconds
Platform modules already initialized, skipping
Shader 'Universal Render Pipeline/Particles/Lit': fallback shader 'Universal Render Pipeline/Particles/SimpleLit' not found
Refreshing native plugins compatible for Editor in 0.77 ms, found 2 plugins.
Preloading 0 native plugins for Editor in 0.00 ms.
Unloading 2687 Unused Serialized files (Serialized files now loaded: 0)
System memory in use before: 122.0 MB.
System memory in use after: 119.4 MB.

Unloading 48 unused Assets to reduce memory usage. Loaded Objects now: 3257.
Total: 5.833200 ms (FindLiveObjects: 0.492500 ms CreateObjectMapping: 0.261000 ms MarkObjects: 2.973400 ms  DeleteObjects: 2.104100 ms)

========================================================================
Received Prepare
Registering precompiled user dll's ...
Registered in 0.014089 seconds.
Begin MonoManager ReloadAssembly
Native extension for WindowsStandalone target not found
Refreshing native plugins compatible for Editor in 1.25 ms, found 2 plugins.
Preloading 0 native plugins for Editor in 0.00 ms.
Mono: successfully reloaded assembly
- Completed reload, in  2.316 seconds
Platform modules already initialized, skipping
Shader 'Universal Render Pipeline/Particles/Lit': fallback shader 'Universal Render Pipeline/Particles/SimpleLit' not found
Refreshing native plugins compatible for Editor in 0.86 ms, found 2 plugins.
Preloading 0 native plugins for Editor in 0.00 ms.
Unloading 2687 Unused Serialized files (Serialized files now loaded: 0)
System memory in use before: 122.0 MB.
System memory in use after: 119.4 MB.

Unloading 48 unused Assets to reduce memory usage. Loaded Objects now: 3260.
Total: 7.247400 ms (FindLiveObjects: 0.455300 ms CreateObjectMapping: 0.312900 ms MarkObjects: 3.830700 ms  DeleteObjects: 2.647000 ms)

========================================================================
Received Prepare
Registering precompiled user dll's ...
Registered in 0.007997 seconds.
Begin MonoManager ReloadAssembly
Native extension for WindowsStandalone target not found
Refreshing native plugins compatible for Editor in 0.90 ms, found 2 plugins.
Preloading 0 native plugins for Editor in 0.00 ms.
Mono: successfully reloaded assembly
- Completed reload, in  1.719 seconds
Platform modules already initialized, skipping
Shader 'Universal Render Pipeline/Particles/Lit': fallback shader 'Universal Render Pipeline/Particles/SimpleLit' not found
Refreshing native plugins compatible for Editor in 0.62 ms, found 2 plugins.
Preloading 0 native plugins for Editor in 0.00 ms.
Unloading 2687 Unused Serialized files (Serialized files now loaded: 0)
System memory in use before: 122.0 MB.
System memory in use after: 119.4 MB.

Unloading 48 unused Assets to reduce memory usage. Loaded Objects now: 3263.
Total: 5.212500 ms (FindLiveObjects: 0.326600 ms CreateObjectMapping: 0.345400 ms MarkObjects: 2.705800 ms  DeleteObjects: 1.833600 ms)

========================================================================
Received Prepare
Registering precompiled user dll's ...
Registered in 0.006541 seconds.
Begin MonoManager ReloadAssembly
Native extension for WindowsStandalone target not found
Refreshing native plugins compatible for Editor in 0.64 ms, found 2 plugins.
Preloading 0 native plugins for Editor in 0.00 ms.
Mono: successfully reloaded assembly
- Completed reload, in  1.747 seconds
Platform modules already initialized, skipping
Shader 'Universal Render Pipeline/Particles/Lit': fallback shader 'Universal Render Pipeline/Particles/SimpleLit' not found
Refreshing native plugins compatible for Editor in 0.73 ms, found 2 plugins.
Preloading 0 native plugins for Editor in 0.00 ms.
Unloading 2687 Unused Serialized files (Serialized files now loaded: 0)
System memory in use before: 122.0 MB.
System memory in use after: 119.4 MB.

Unloading 48 unused Assets to reduce memory usage. Loaded Objects now: 3266.
Total: 6.306400 ms (FindLiveObjects: 0.379900 ms CreateObjectMapping: 0.241700 ms MarkObjects: 3.025900 ms  DeleteObjects: 2.657400 ms)

========================================================================
Received Import Request.
  Time since last request: 1382.231369 seconds.
  path: Assets/Script/Managers/GameManager.cs
  artifactKey: Guid(cc1b8e5c6544ca8488fceadaade2ea64) Importer(815301076,1909f56bfc062723c751e8b465ee728b)
Start importing Assets/Script/Managers/GameManager.cs using Guid(cc1b8e5c6544ca8488fceadaade2ea64) Importer(815301076,1909f56bfc062723c751e8b465ee728b)  -> (artifact id: 'da4c27ac24a1eb2ccea0f6d810dc6502') in 0.007937 seconds
  Import took 0.035763 seconds .

========================================================================
Received Prepare
Registering precompiled user dll's ...
Registered in 0.007475 seconds.
Begin MonoManager ReloadAssembly
Native extension for WindowsStandalone target not found
Refreshing native plugins compatible for Editor in 0.69 ms, found 2 plugins.
Preloading 0 native plugins for Editor in 0.00 ms.
Mono: successfully reloaded assembly
- Completed reload, in  1.610 seconds
Platform modules already initialized, skipping
Shader 'Universal Render Pipeline/Particles/Lit': fallback shader 'Universal Render Pipeline/Particles/SimpleLit' not found
Refreshing native plugins compatible for Editor in 0.58 ms, found 2 plugins.
Preloading 0 native plugins for Editor in 0.00 ms.
Unloading 2687 Unused Serialized files (Serialized files now loaded: 0)
System memory in use before: 122.0 MB.
System memory in use after: 119.4 MB.

Unloading 48 unused Assets to reduce memory usage. Loaded Objects now: 3269.
Total: 5.639700 ms (FindLiveObjects: 0.340200 ms CreateObjectMapping: 0.241800 ms MarkObjects: 3.027100 ms  DeleteObjects: 2.029400 ms)

========================================================================
Received Prepare
Registering precompiled user dll's ...
Registered in 0.008636 seconds.
Begin MonoManager ReloadAssembly
Native extension for WindowsStandalone target not found
Refreshing native plugins compatible for Editor in 0.82 ms, found 2 plugins.
Preloading 0 native plugins for Editor in 0.00 ms.
Mono: successfully reloaded assembly
- Completed reload, in  1.821 seconds
Platform modules already initialized, skipping
Shader 'Universal Render Pipeline/Particles/Lit': fallback shader 'Universal Render Pipeline/Particles/SimpleLit' not found
Refreshing native plugins compatible for Editor in 1.14 ms, found 2 plugins.
Preloading 0 native plugins for Editor in 0.00 ms.
Unloading 2687 Unused Serialized files (Serialized files now loaded: 0)
System memory in use before: 122.0 MB.
System memory in use after: 119.4 MB.

Unloading 48 unused Assets to reduce memory usage. Loaded Objects now: 3272.
Total: 6.626800 ms (FindLiveObjects: 0.388100 ms CreateObjectMapping: 0.255300 ms MarkObjects: 3.096500 ms  DeleteObjects: 2.885300 ms)

========================================================================
Received Prepare
Registering precompiled user dll's ...
Registered in 0.007894 seconds.
Begin MonoManager ReloadAssembly
Native extension for WindowsStandalone target not found
Refreshing native plugins compatible for Editor in 0.72 ms, found 2 plugins.
Preloading 0 native plugins for Editor in 0.00 ms.
Mono: successfully reloaded assembly
- Completed reload, in  1.921 seconds
Platform modules already initialized, skipping
Shader 'Universal Render Pipeline/Particles/Lit': fallback shader 'Universal Render Pipeline/Particles/SimpleLit' not found
Refreshing native plugins compatible for Editor in 0.63 ms, found 2 plugins.
Preloading 0 native plugins for Editor in 0.00 ms.
Unloading 2687 Unused Serialized files (Serialized files now loaded: 0)
System memory in use before: 122.0 MB.
System memory in use after: 119.5 MB.

Unloading 48 unused Assets to reduce memory usage. Loaded Objects now: 3275.
Total: 5.147200 ms (FindLiveObjects: 0.342000 ms CreateObjectMapping: 0.309900 ms MarkObjects: 2.563600 ms  DeleteObjects: 1.930700 ms)

========================================================================
Received Prepare
Registering precompiled user dll's ...
Registered in 0.008062 seconds.
Begin MonoManager ReloadAssembly
Native extension for WindowsStandalone target not found
Refreshing native plugins compatible for Editor in 0.65 ms, found 2 plugins.
Preloading 0 native plugins for Editor in 0.00 ms.
Mono: successfully reloaded assembly
- Completed reload, in  1.836 seconds
Platform modules already initialized, skipping
Shader 'Universal Render Pipeline/Particles/Lit': fallback shader 'Universal Render Pipeline/Particles/SimpleLit' not found
Refreshing native plugins compatible for Editor in 0.72 ms, found 2 plugins.
Preloading 0 native plugins for Editor in 0.00 ms.
Unloading 2687 Unused Serialized files (Serialized files now loaded: 0)
System memory in use before: 122.0 MB.
System memory in use after: 119.5 MB.

Unloading 48 unused Assets to reduce memory usage. Loaded Objects now: 3278.
Total: 5.827300 ms (FindLiveObjects: 0.455100 ms CreateObjectMapping: 0.299400 ms MarkObjects: 2.965900 ms  DeleteObjects: 2.105500 ms)

========================================================================
Received Prepare
Registering precompiled user dll's ...
Registered in 0.006375 seconds.
Begin MonoManager ReloadAssembly
Native extension for WindowsStandalone target not found
Refreshing native plugins compatible for Editor in 0.60 ms, found 2 plugins.
Preloading 0 native plugins for Editor in 0.00 ms.
Mono: successfully reloaded assembly
- Completed reload, in  1.789 seconds
Platform modules already initialized, skipping
Shader 'Universal Render Pipeline/Particles/Lit': fallback shader 'Universal Render Pipeline/Particles/SimpleLit' not found
Refreshing native plugins compatible for Editor in 0.59 ms, found 2 plugins.
Preloading 0 native plugins for Editor in 0.00 ms.
Unloading 2687 Unused Serialized files (Serialized files now loaded: 0)
System memory in use before: 122.1 MB.
System memory in use after: 119.5 MB.

Unloading 48 unused Assets to reduce memory usage. Loaded Objects now: 3281.
Total: 5.333600 ms (FindLiveObjects: 0.375700 ms CreateObjectMapping: 0.279100 ms MarkObjects: 2.776400 ms  DeleteObjects: 1.901000 ms)

========================================================================
Received Prepare
Registering precompiled user dll's ...
Registered in 0.007751 seconds.
Begin MonoManager ReloadAssembly
Native extension for WindowsStandalone target not found
Refreshing native plugins compatible for Editor in 0.67 ms, found 2 plugins.
Preloading 0 native plugins for Editor in 0.00 ms.
Mono: successfully reloaded assembly
- Completed reload, in  1.738 seconds
Platform modules already initialized, skipping
Shader 'Universal Render Pipeline/Particles/Lit': fallback shader 'Universal Render Pipeline/Particles/SimpleLit' not found
Refreshing native plugins compatible for Editor in 0.66 ms, found 2 plugins.
Preloading 0 native plugins for Editor in 0.00 ms.
Unloading 2687 Unused Serialized files (Serialized files now loaded: 0)
System memory in use before: 122.1 MB.
System memory in use after: 119.5 MB.

Unloading 48 unused Assets to reduce memory usage. Loaded Objects now: 3284.
Total: 5.826700 ms (FindLiveObjects: 0.364900 ms CreateObjectMapping: 0.264800 ms MarkObjects: 3.155700 ms  DeleteObjects: 2.039800 ms)

========================================================================
Received Prepare
Registering precompiled user dll's ...
Registered in 0.009139 seconds.
Begin MonoManager ReloadAssembly
Native extension for WindowsStandalone target not found
Refreshing native plugins compatible for Editor in 4.98 ms, found 2 plugins.
Preloading 0 native plugins for Editor in 0.00 ms.
Mono: successfully reloaded assembly
- Completed reload, in  4.257 seconds
Platform modules already initialized, skipping
Shader 'Universal Render Pipeline/Particles/Lit': fallback shader 'Universal Render Pipeline/Particles/SimpleLit' not found
Refreshing native plugins compatible for Editor in 1.17 ms, found 2 plugins.
Preloading 0 native plugins for Editor in 0.00 ms.
Unloading 2687 Unused Serialized files (Serialized files now loaded: 0)
System memory in use before: 122.1 MB.
System memory in use after: 119.5 MB.

Unloading 48 unused Assets to reduce memory usage. Loaded Objects now: 3287.
Total: 8.001800 ms (FindLiveObjects: 1.045700 ms CreateObjectMapping: 0.364800 ms MarkObjects: 3.482800 ms  DeleteObjects: 3.106700 ms)

AssetImportWorkerClient::OnTransportError - code=2 error=End of file
